This file contains any messages produced by compilers while
running configure, to aid debugging if configure makes a mistake.

It was created by configure, which was
generated by GNU Autoconf 2.59.  Invocation command line was

  $ ./configure 

## --------- ##
## Platform. ##
## --------- ##

hostname = debian-32
uname -m = i686
uname -r = 3.16.0-4-686-pae
uname -s = Linux
uname -v = #1 SMP Debian 3.16.7-ckt11-1+deb8u3 (2015-08-04)

/usr/bin/uname -p = unknown
/bin/uname -X     = unknown

/bin/arch              = unknown
/usr/bin/arch -k       = unknown
/usr/convex/getsysinfo = unknown
hostinfo               = unknown
/bin/machine           = unknown
/usr/bin/oslevel       = unknown
/bin/universe          = unknown

PATH: /usr/local/sbin
PATH: /usr/local/bin
PATH: /usr/sbin
PATH: /usr/bin
PATH: /sbin
PATH: /bin


## ----------- ##
## Core tests. ##
## ----------- ##

configure:1613: checking build system type
configure:1631: result: i686-pc-linux-gnu
configure:1639: checking host system type
configure:1653: result: i686-pc-linux-gnu
configure:1661: checking target system type
configure:1675: result: i686-pc-linux-gnu
configure:1690: checking if you are configuring for another platform
configure:1697: result: no
configure:1754: checking for standard CFLAGS on this platform
configure:1756: result: 
configure:1823: checking for gcc
configure:1839: found /usr/bin/gcc
configure:1849: result: gcc
configure:2093: checking for C compiler version
configure:2096: gcc --version </dev/null >&5
gcc (Debian 4.9.2-10) 4.9.2
Copyright (C) 2014 Free Software Foundation, Inc.
This is free software; see the source for copying conditions.  There is NO
warranty; not even for MERCHANTABILITY or FITNESS FOR A PARTICULAR PURPOSE.

configure:2099: $? = 0
configure:2101: gcc -v </dev/null >&5
Using built-in specs.
COLLECT_GCC=gcc
COLLECT_LTO_WRAPPER=/usr/lib/gcc/i586-linux-gnu/4.9/lto-wrapper
Target: i586-linux-gnu
Configured with: ../src/configure -v --with-pkgversion='Debian 4.9.2-10' --with-bugurl=file:///usr/share/doc/gcc-4.9/README.Bugs --enable-languages=c,c++,java,go,d,fortran,objc,obj-c++ --prefix=/usr --program-suffix=-4.9 --enable-shared --enable-linker-build-id --libexecdir=/usr/lib --without-included-gettext --enable-threads=posix --with-gxx-include-dir=/usr/include/c++/4.9 --libdir=/usr/lib --enable-nls --with-sysroot=/ --enable-clocale=gnu --enable-libstdcxx-debug --enable-libstdcxx-time=yes --enable-gnu-unique-object --disable-vtable-verify --enable-plugin --with-system-zlib --disable-browser-plugin --enable-java-awt=gtk --enable-gtk-cairo --with-java-home=/usr/lib/jvm/java-1.5.0-gcj-4.9-i386/jre --enable-java-home --with-jvm-root-dir=/usr/lib/jvm/java-1.5.0-gcj-4.9-i386 --with-jvm-jar-dir=/usr/lib/jvm-exports/java-1.5.0-gcj-4.9-i386 --with-arch-directory=i386 --with-ecj-jar=/usr/share/java/eclipse-ecj.jar --enable-objc-gc --enable-targets=all --enable-multiarch --with-arch-32=i586 --with-multilib-list=m32,m64,mx32 --enable-multilib --with-tune=generic --enable-checking=release --build=i586-linux-gnu --host=i586-linux-gnu --target=i586-linux-gnu
Thread model: posix
gcc version 4.9.2 (Debian 4.9.2-10) 
configure:2104: $? = 0
configure:2106: gcc -V </dev/null >&5
gcc: error: unrecognized command line option '-V'
gcc: fatal error: no input files
compilation terminated.
configure:2109: $? = 4
configure:2132: checking for C compiler default output file name
configure:2135: gcc    conftest.c  >&5
configure:2138: $? = 0
configure:2184: result: a.out
configure:2189: checking whether the C compiler works
configure:2195: ./a.out
configure:2198: $? = 0
configure:2215: result: yes
configure:2222: checking whether we are cross compiling
configure:2224: result: no
configure:2227: checking for suffix of executables
configure:2229: gcc -o conftest    conftest.c  >&5
configure:2232: $? = 0
configure:2257: result: 
configure:2263: checking for suffix of object files
configure:2284: gcc -c   conftest.c >&5
configure:2287: $? = 0
configure:2309: result: o
configure:2313: checking whether we are using the GNU C compiler
configure:2337: gcc -c   conftest.c >&5
configure:2343: $? = 0
configure:2347: test -z 
			 || test ! -s conftest.err
configure:2350: $? = 0
configure:2353: test -s conftest.o
configure:2356: $? = 0
configure:2369: result: yes
configure:2375: checking whether gcc accepts -g
configure:2396: gcc -c -g  conftest.c >&5
configure:2402: $? = 0
configure:2406: test -z 
			 || test ! -s conftest.err
configure:2409: $? = 0
configure:2412: test -s conftest.o
configure:2415: $? = 0
configure:2426: result: yes
configure:2443: checking for gcc option to accept ANSI C
configure:2513: gcc  -c -g -O2  conftest.c >&5
configure:2519: $? = 0
configure:2523: test -z 
			 || test ! -s conftest.err
configure:2526: $? = 0
configure:2529: test -s conftest.o
configure:2532: $? = 0
configure:2550: result: none needed
configure:2568: gcc -c -g -O2  conftest.c >&5
conftest.c:2:3: error: unknown type name 'choke'
   choke me
   ^
conftest.c:2:3: error: expected '=', ',', ';', 'asm' or '__attribute__' at end of input
configure:2574: $? = 1
configure: failed program was:
| #ifndef __cplusplus
|   choke me
| #endif
configure:2759: checking for g++
configure:2788: result: no
configure:2759: checking for c++
configure:2788: result: no
configure:2759: checking for gpp
configure:2788: result: no
configure:2759: checking for aCC
configure:2788: result: no
configure:2759: checking for CC
configure:2788: result: no
configure:2759: checking for cxx
configure:2788: result: no
configure:2759: checking for cc++
configure:2788: result: no
configure:2759: checking for cl
configure:2788: result: no
configure:2759: checking for FCC
configure:2788: result: no
configure:2759: checking for KCC
configure:2788: result: no
configure:2759: checking for RCC
configure:2788: result: no
configure:2759: checking for xlC_r
configure:2788: result: no
configure:2759: checking for xlC
configure:2788: result: no
configure:2801: checking for C++ compiler version
configure:2804: g++ --version </dev/null >&5
./configure: line 2805: g++: command not found
configure:2807: $? = 127
configure:2809: g++ -v </dev/null >&5
./configure: line 2810: g++: command not found
configure:2812: $? = 127
configure:2814: g++ -V </dev/null >&5
./configure: line 2815: g++: command not found
configure:2817: $? = 127
configure:2820: checking whether we are using the GNU C++ compiler
configure:2844: g++ -c   conftest.cc >&5
./configure: line 2845: g++: command not found
configure:2850: $? = 127
configure: failed program was:
| /* confdefs.h.  */
| 
| #define PACKAGE_NAME ""
| #define PACKAGE_TARNAME ""
| #define PACKAGE_VERSION ""
| #define PACKAGE_STRING ""
| #define PACKAGE_BUGREPORT ""
| /* end confdefs.h.  */
| 
| int
| main ()
| {
| #ifndef __GNUC__
|        choke me
| #endif
| 
|   ;
|   return 0;
| }
configure:2876: result: no
configure:2882: checking whether g++ accepts -g
configure:2903: g++ -c -g  conftest.cc >&5
./configure: line 2904: g++: command not found
configure:2909: $? = 127
configure: failed program was:
| /* confdefs.h.  */
| 
| #define PACKAGE_NAME ""
| #define PACKAGE_TARNAME ""
| #define PACKAGE_VERSION ""
| #define PACKAGE_STRING ""
| #define PACKAGE_BUGREPORT ""
| /* end confdefs.h.  */
| 
| int
| main ()
| {
| 
|   ;
|   return 0;
| }
configure:2933: result: no
configure:2975: g++ -c   conftest.cc >&5
./configure: line 2976: g++: command not found
configure:2981: $? = 127
configure: failed program was:
| /* confdefs.h.  */
| 
| #define PACKAGE_NAME ""
| #define PACKAGE_TARNAME ""
| #define PACKAGE_VERSION ""
| #define PACKAGE_STRING ""
| #define PACKAGE_BUGREPORT ""
| /* end confdefs.h.  */
| 
| #include <stdlib.h>
| int
| main ()
| {
| exit (42);
|   ;
|   return 0;
| }
configure:2975: g++ -c   conftest.cc >&5
./configure: line 2976: g++: command not found
configure:2981: $? = 127
configure: failed program was:
| /* confdefs.h.  */
| 
| #define PACKAGE_NAME ""
| #define PACKAGE_TARNAME ""
| #define PACKAGE_VERSION ""
| #define PACKAGE_STRING ""
| #define PACKAGE_BUGREPORT ""
| /* end confdefs.h.  */
| extern "C" void std::exit (int) throw (); using std::exit;
| #include <stdlib.h>
| int
| main ()
| {
| exit (42);
|   ;
|   return 0;
| }
configure:2975: g++ -c   conftest.cc >&5
./configure: line 2976: g++: command not found
configure:2981: $? = 127
configure: failed program was:
| /* confdefs.h.  */
| 
| #define PACKAGE_NAME ""
| #define PACKAGE_TARNAME ""
| #define PACKAGE_VERSION ""
| #define PACKAGE_STRING ""
| #define PACKAGE_BUGREPORT ""
| /* end confdefs.h.  */
| extern "C" void std::exit (int); using std::exit;
| #include <stdlib.h>
| int
| main ()
| {
| exit (42);
|   ;
|   return 0;
| }
configure:2975: g++ -c   conftest.cc >&5
./configure: line 2976: g++: command not found
configure:2981: $? = 127
configure: failed program was:
| /* confdefs.h.  */
| 
| #define PACKAGE_NAME ""
| #define PACKAGE_TARNAME ""
| #define PACKAGE_VERSION ""
| #define PACKAGE_STRING ""
| #define PACKAGE_BUGREPORT ""
| /* end confdefs.h.  */
| extern "C" void exit (int) throw ();
| #include <stdlib.h>
| int
| main ()
| {
| exit (42);
|   ;
|   return 0;
| }
configure:2975: g++ -c   conftest.cc >&5
./configure: line 2976: g++: command not found
configure:2981: $? = 127
configure: failed program was:
| /* confdefs.h.  */
| 
| #define PACKAGE_NAME ""
| #define PACKAGE_TARNAME ""
| #define PACKAGE_VERSION ""
| #define PACKAGE_STRING ""
| #define PACKAGE_BUGREPORT ""
| /* end confdefs.h.  */
| extern "C" void exit (int);
| #include <stdlib.h>
| int
| main ()
| {
| exit (42);
|   ;
|   return 0;
| }
configure:2975: g++ -c   conftest.cc >&5
./configure: line 2976: g++: command not found
configure:2981: $? = 127
configure: failed program was:
| /* confdefs.h.  */
| 
| #define PACKAGE_NAME ""
| #define PACKAGE_TARNAME ""
| #define PACKAGE_VERSION ""
| #define PACKAGE_STRING ""
| #define PACKAGE_BUGREPORT ""
| /* end confdefs.h.  */
| void exit (int);
| #include <stdlib.h>
| int
| main ()
| {
| exit (42);
|   ;
|   return 0;
| }
configure:3062: checking whether make sets $(MAKE)
configure:3082: result: yes
configure:3167: checking for a sed that does not truncate output
configure:3221: result: /bin/sed
configure:3224: checking for egrep
configure:3234: result: grep -E
configure:3250: checking for ld used by gcc
configure:3317: result: /usr/bin/ld
configure:3326: checking if the linker (/usr/bin/ld) is GNU ld
configure:3341: result: yes
configure:3346: checking for /usr/bin/ld option to reload object files
configure:3353: result: -r
configure:3362: checking for BSD-compatible nm
configure:3404: result: /usr/bin/nm -B
configure:3408: checking whether ln -s works
configure:3412: result: yes
configure:3419: checking how to recognise dependent libraries
configure:3619: result: pass_all
configure:3833: checking how to run the C preprocessor
configure:3868: gcc -E  conftest.c
configure:3874: $? = 0
configure:3906: gcc -E  conftest.c
conftest.c:12:28: fatal error: ac_nonexistent.h: No such file or directory
 #include <ac_nonexistent.h>
                            ^
compilation terminated.
configure:3912: $? = 1
configure: failed program was:
| /* confdefs.h.  */
| 
| #define PACKAGE_NAME ""
| #define PACKAGE_TARNAME ""
| #define PACKAGE_VERSION ""
| #define PACKAGE_STRING ""
| #define PACKAGE_BUGREPORT ""
| #ifdef __cplusplus
| void exit (int);
| #endif
| /* end confdefs.h.  */
| #include <ac_nonexistent.h>
configure:3951: result: gcc -E
configure:3975: gcc -E  conftest.c
configure:3981: $? = 0
configure:4013: gcc -E  conftest.c
conftest.c:12:28: fatal error: ac_nonexistent.h: No such file or directory
 #include <ac_nonexistent.h>
                            ^
compilation terminated.
configure:4019: $? = 1
configure: failed program was:
| /* confdefs.h.  */
| 
| #define PACKAGE_NAME ""
| #define PACKAGE_TARNAME ""
| #define PACKAGE_VERSION ""
| #define PACKAGE_STRING ""
| #define PACKAGE_BUGREPORT ""
| #ifdef __cplusplus
| void exit (int);
| #endif
| /* end confdefs.h.  */
| #include <ac_nonexistent.h>
configure:4063: checking for ANSI C header files
configure:4088: gcc -c -g -O2  conftest.c >&5
configure:4094: $? = 0
configure:4098: test -z 
			 || test ! -s conftest.err
configure:4101: $? = 0
configure:4104: test -s conftest.o
configure:4107: $? = 0
configure:4196: gcc -o conftest -g -O2   conftest.c  >&5
conftest.c: In function 'main':
conftest.c:29:7: warning: incompatible implicit declaration of built-in function 'exit'
       exit(2);
       ^
configure:4199: $? = 0
configure:4201: ./conftest
configure:4204: $? = 0
configure:4219: result: yes
configure:4243: checking for sys/types.h
configure:4259: gcc -c -g -O2  conftest.c >&5
configure:4265: $? = 0
configure:4269: test -z 
			 || test ! -s conftest.err
configure:4272: $? = 0
configure:4275: test -s conftest.o
configure:4278: $? = 0
configure:4289: result: yes
configure:4243: checking for sys/stat.h
configure:4259: gcc -c -g -O2  conftest.c >&5
configure:4265: $? = 0
configure:4269: test -z 
			 || test ! -s conftest.err
configure:4272: $? = 0
configure:4275: test -s conftest.o
configure:4278: $? = 0
configure:4289: result: yes
configure:4243: checking for stdlib.h
configure:4259: gcc -c -g -O2  conftest.c >&5
configure:4265: $? = 0
configure:4269: test -z 
			 || test ! -s conftest.err
configure:4272: $? = 0
configure:4275: test -s conftest.o
configure:4278: $? = 0
configure:4289: result: yes
configure:4243: checking for string.h
configure:4259: gcc -c -g -O2  conftest.c >&5
configure:4265: $? = 0
configure:4269: test -z 
			 || test ! -s conftest.err
configure:4272: $? = 0
configure:4275: test -s conftest.o
configure:4278: $? = 0
configure:4289: result: yes
configure:4243: checking for memory.h
configure:4259: gcc -c -g -O2  conftest.c >&5
configure:4265: $? = 0
configure:4269: test -z 
			 || test ! -s conftest.err
configure:4272: $? = 0
configure:4275: test -s conftest.o
configure:4278: $? = 0
configure:4289: result: yes
configure:4243: checking for strings.h
configure:4259: gcc -c -g -O2  conftest.c >&5
configure:4265: $? = 0
configure:4269: test -z 
			 || test ! -s conftest.err
configure:4272: $? = 0
configure:4275: test -s conftest.o
configure:4278: $? = 0
configure:4289: result: yes
configure:4243: checking for inttypes.h
configure:4259: gcc -c -g -O2  conftest.c >&5
configure:4265: $? = 0
configure:4269: test -z 
			 || test ! -s conftest.err
configure:4272: $? = 0
configure:4275: test -s conftest.o
configure:4278: $? = 0
configure:4289: result: yes
configure:4243: checking for stdint.h
configure:4259: gcc -c -g -O2  conftest.c >&5
configure:4265: $? = 0
configure:4269: test -z 
			 || test ! -s conftest.err
configure:4272: $? = 0
configure:4275: test -s conftest.o
configure:4278: $? = 0
configure:4289: result: yes
configure:4243: checking for unistd.h
configure:4259: gcc -c -g -O2  conftest.c >&5
configure:4265: $? = 0
configure:4269: test -z 
			 || test ! -s conftest.err
configure:4272: $? = 0
configure:4275: test -s conftest.o
configure:4278: $? = 0
configure:4289: result: yes
configure:4315: checking dlfcn.h usability
configure:4327: gcc -c -g -O2  conftest.c >&5
configure:4333: $? = 0
configure:4337: test -z 
			 || test ! -s conftest.err
configure:4340: $? = 0
configure:4343: test -s conftest.o
configure:4346: $? = 0
configure:4356: result: yes
configure:4360: checking dlfcn.h presence
configure:4370: gcc -E  conftest.c
configure:4376: $? = 0
configure:4396: result: yes
configure:4431: checking for dlfcn.h
configure:4438: result: yes
configure:4456: checking how to run the C++ preprocessor
configure:4487: g++ -E  conftest.cc
./configure: line 4488: g++: command not found
configure:4493: $? = 127
configure: failed program was:
| /* confdefs.h.  */
| 
| #define PACKAGE_NAME ""
| #define PACKAGE_TARNAME ""
| #define PACKAGE_VERSION ""
| #define PACKAGE_STRING ""
| #define PACKAGE_BUGREPORT ""
| #ifdef __cplusplus
| void exit (int);
| #endif
| #define STDC_HEADERS 1
| #define HAVE_SYS_TYPES_H 1
| #define HAVE_SYS_STAT_H 1
| #define HAVE_STDLIB_H 1
| #define HAVE_STRING_H 1
| #define HAVE_MEMORY_H 1
| #define HAVE_STRINGS_H 1
| #define HAVE_INTTYPES_H 1
| #define HAVE_STDINT_H 1
| #define HAVE_UNISTD_H 1
| #define HAVE_DLFCN_H 1
| /* end confdefs.h.  */
| #ifdef __STDC__
| # include <limits.h>
| #else
| # include <assert.h>
| #endif
| 		     Syntax error
configure:4487: g++ -E  conftest.cc
./configure: line 4488: g++: command not found
configure:4493: $? = 127
configure: failed program was:
| /* confdefs.h.  */
| 
| #define PACKAGE_NAME ""
| #define PACKAGE_TARNAME ""
| #define PACKAGE_VERSION ""
| #define PACKAGE_STRING ""
| #define PACKAGE_BUGREPORT ""
| #ifdef __cplusplus
| void exit (int);
| #endif
| #define STDC_HEADERS 1
| #define HAVE_SYS_TYPES_H 1
| #define HAVE_SYS_STAT_H 1
| #define HAVE_STDLIB_H 1
| #define HAVE_STRING_H 1
| #define HAVE_MEMORY_H 1
| #define HAVE_STRINGS_H 1
| #define HAVE_INTTYPES_H 1
| #define HAVE_STDINT_H 1
| #define HAVE_UNISTD_H 1
| #define HAVE_DLFCN_H 1
| /* end confdefs.h.  */
| #ifdef __STDC__
| # include <limits.h>
| #else
| # include <assert.h>
| #endif
| 		     Syntax error
configure:4487: /lib/cpp  conftest.cc
cpp: error trying to exec 'cc1plus': execvp: No such file or directory
configure:4493: $? = 1
configure: failed program was:
| /* confdefs.h.  */
| 
| #define PACKAGE_NAME ""
| #define PACKAGE_TARNAME ""
| #define PACKAGE_VERSION ""
| #define PACKAGE_STRING ""
| #define PACKAGE_BUGREPORT ""
| #ifdef __cplusplus
| void exit (int);
| #endif
| #define STDC_HEADERS 1
| #define HAVE_SYS_TYPES_H 1
| #define HAVE_SYS_STAT_H 1
| #define HAVE_STDLIB_H 1
| #define HAVE_STRING_H 1
| #define HAVE_MEMORY_H 1
| #define HAVE_STRINGS_H 1
| #define HAVE_INTTYPES_H 1
| #define HAVE_STDINT_H 1
| #define HAVE_UNISTD_H 1
| #define HAVE_DLFCN_H 1
| /* end confdefs.h.  */
| #ifdef __STDC__
| # include <limits.h>
| #else
| # include <assert.h>
| #endif
| 		     Syntax error
configure:4487: /lib/cpp  conftest.cc
cpp: error trying to exec 'cc1plus': execvp: No such file or directory
configure:4493: $? = 1
configure: failed program was:
| /* confdefs.h.  */
| 
| #define PACKAGE_NAME ""
| #define PACKAGE_TARNAME ""
| #define PACKAGE_VERSION ""
| #define PACKAGE_STRING ""
| #define PACKAGE_BUGREPORT ""
| #ifdef __cplusplus
| void exit (int);
| #endif
| #define STDC_HEADERS 1
| #define HAVE_SYS_TYPES_H 1
| #define HAVE_SYS_STAT_H 1
| #define HAVE_STDLIB_H 1
| #define HAVE_STRING_H 1
| #define HAVE_MEMORY_H 1
| #define HAVE_STRINGS_H 1
| #define HAVE_INTTYPES_H 1
| #define HAVE_STDINT_H 1
| #define HAVE_UNISTD_H 1
| #define HAVE_DLFCN_H 1
| /* end confdefs.h.  */
| #ifdef __STDC__
| # include <limits.h>
| #else
| # include <assert.h>
| #endif
| 		     Syntax error
configure:4570: result: /lib/cpp
configure:4594: /lib/cpp  conftest.cc
cpp: error trying to exec 'cc1plus': execvp: No such file or directory
configure:4600: $? = 1
configure: failed program was:
| /* confdefs.h.  */
| 
| #define PACKAGE_NAME ""
| #define PACKAGE_TARNAME ""
| #define PACKAGE_VERSION ""
| #define PACKAGE_STRING ""
| #define PACKAGE_BUGREPORT ""
| #ifdef __cplusplus
| void exit (int);
| #endif
| #define STDC_HEADERS 1
| #define HAVE_SYS_TYPES_H 1
| #define HAVE_SYS_STAT_H 1
| #define HAVE_STDLIB_H 1
| #define HAVE_STRING_H 1
| #define HAVE_MEMORY_H 1
| #define HAVE_STRINGS_H 1
| #define HAVE_INTTYPES_H 1
| #define HAVE_STDINT_H 1
| #define HAVE_UNISTD_H 1
| #define HAVE_DLFCN_H 1
| /* end confdefs.h.  */
| #ifdef __STDC__
| # include <limits.h>
| #else
| # include <assert.h>
| #endif
| 		     Syntax error
configure:4594: /lib/cpp  conftest.cc
cpp: error trying to exec 'cc1plus': execvp: No such file or directory
configure:4600: $? = 1
configure: failed program was:
| /* confdefs.h.  */
| 
| #define PACKAGE_NAME ""
| #define PACKAGE_TARNAME ""
| #define PACKAGE_VERSION ""
| #define PACKAGE_STRING ""
| #define PACKAGE_BUGREPORT ""
| #ifdef __cplusplus
| void exit (int);
| #endif
| #define STDC_HEADERS 1
| #define HAVE_SYS_TYPES_H 1
| #define HAVE_SYS_STAT_H 1
| #define HAVE_STDLIB_H 1
| #define HAVE_STRING_H 1
| #define HAVE_MEMORY_H 1
| #define HAVE_STRINGS_H 1
| #define HAVE_INTTYPES_H 1
| #define HAVE_STDINT_H 1
| #define HAVE_UNISTD_H 1
| #define HAVE_DLFCN_H 1
| /* end confdefs.h.  */
| #ifdef __STDC__
| # include <limits.h>
| #else
| # include <assert.h>
| #endif
| 		     Syntax error
configure:4669: error: C++ preprocessor "/lib/cpp" fails sanity check
See `config.log' for more details.

## ---------------- ##
## Cache variables. ##
## ---------------- ##

ac_cv_build=i686-pc-linux-gnu
ac_cv_build_alias=i686-pc-linux-gnu
ac_cv_c_compiler_gnu=yes
ac_cv_cxx_compiler_gnu=no
ac_cv_env_CC_set=
ac_cv_env_CC_value=
ac_cv_env_CFLAGS_set=
ac_cv_env_CFLAGS_value=
ac_cv_env_CPPFLAGS_set=
ac_cv_env_CPPFLAGS_value=
ac_cv_env_CPP_set=
ac_cv_env_CPP_value=
ac_cv_env_CXXCPP_set=
ac_cv_env_CXXCPP_value=
ac_cv_env_CXXFLAGS_set=
ac_cv_env_CXXFLAGS_value=
ac_cv_env_CXX_set=
ac_cv_env_CXX_value=
ac_cv_env_F77_set=
ac_cv_env_F77_value=
ac_cv_env_FFLAGS_set=
ac_cv_env_FFLAGS_value=
ac_cv_env_LDFLAGS_set=
ac_cv_env_LDFLAGS_value=
ac_cv_env_build_alias_set=
ac_cv_env_build_alias_value=
ac_cv_env_host_alias_set=
ac_cv_env_host_alias_value=
ac_cv_env_target_alias_set=
ac_cv_env_target_alias_value=
ac_cv_exeext=
ac_cv_header_dlfcn_h=yes
ac_cv_header_inttypes_h=yes
ac_cv_header_memory_h=yes
ac_cv_header_stdc=yes
ac_cv_header_stdint_h=yes
ac_cv_header_stdlib_h=yes
ac_cv_header_string_h=yes
ac_cv_header_strings_h=yes
ac_cv_header_sys_stat_h=yes
ac_cv_header_sys_types_h=yes
ac_cv_header_unistd_h=yes
ac_cv_host=i686-pc-linux-gnu
ac_cv_host_alias=i686-pc-linux-gnu
ac_cv_objext=o
ac_cv_prog_CPP='gcc -E'
ac_cv_prog_CXXCPP=/lib/cpp
ac_cv_prog_ac_ct_CC=gcc
ac_cv_prog_cc_g=yes
ac_cv_prog_cc_stdc=
ac_cv_prog_cxx_g=no
ac_cv_prog_egrep='grep -E'
ac_cv_prog_make_make_set=yes
ac_cv_target=i686-pc-linux-gnu
ac_cv_target_alias=i686-pc-linux-gnu
lt_cv_deplibs_check_method=pass_all
lt_cv_file_magic_cmd='$MAGIC_CMD'
lt_cv_file_magic_test_file='/lib/libc.so* /lib/libc-*.so'
lt_cv_ld_reload_flag=-r
lt_cv_path_LD=/usr/bin/ld
lt_cv_path_NM='/usr/bin/nm -B'
lt_cv_path_SED=/bin/sed
lt_cv_prog_gnu_ld=yes

## ----------------- ##
## Output variables. ##
## ----------------- ##

APIC_OBJS=''
AR=''
BUILD_DOCBOOK_VAR=''
BXIMAGE_LINK_OPTS=''
BX_COMPRESSED_HD_SUPPORT=''
BX_EXTERNAL_DEBUGGER=''
BX_MAGIC_BREAKPOINT=''
BX_USE_IDLE_HACK=''
BX_USE_NEW_PIT=''
CC='gcc'
CDROM_OBJS=''
CD_UP_ONE=''
CD_UP_THREE=''
CD_UP_TWO=''
CFLAGS='-g -O2'
CFP=''
COMMAND_SEPARATOR=''
CPP='gcc -E'
CPPFLAGS=''
CPP_SUFFIX=''
CXX='g++'
CXXCPP='/lib/cpp'
CXXFLAGS=''
CXXFP=''
DASH=''
DEBUGGER_VAR=''
DEFINE_PLUGIN_PATH=''
DEFS=''
DEPMOD=''
DEVICE_LINK_OPTS=''
DIALOG_OBJS=''
DISASM_VAR=''
DOCBOOK2HTML=''
ECHO='echo'
ECHO_C=''
ECHO_N='-n'
ECHO_T=''
EGREP='grep -E'
EXE=''
EXEEXT=''
EXPORT_DYNAMIC=''
EXTERNAL_DEPENDENCY=''
EXTRA_BX_OBJS=''
EXTRA_LINK_OPTS=''
EXT_DEBUG_OBJS=''
F77=''
FFLAGS=''
FPU_GLUE_OBJ=''
FPU_VAR=''
GAME_OBJS=''
GDBSTUB_VAR=''
GUI_CFLAGS=''
GUI_CXXFLAGS=''
GUI_LINK_OPTS=''
GUI_LINK_OPTS_TERM=''
GUI_LINK_OPTS_WX=''
GUI_NON_PLUGIN_OBJS=''
GUI_OBJS=''
GUI_PLUGIN_OBJS=''
GZIP=''
INLINE_VAR=''
INSMOD=''
INSTALL_DOCBOOK_VAR=''
INSTALL_LIST_FOR_PLATFORM=''
INSTALL_PLUGINS_VAR=''
INSTALL_TARGET=''
INSTRUMENT_DIR=''
INSTRUMENT_VAR=''
IOAPIC_OBJS=''
IODEBUG_OBJS=''
IODEV_LIB_VAR=''
IODEV_NON_PLUGIN_OBJS=''
IODEV_PLUGIN_OBJS=''
KERNELDIR=''
KERNEL_MODULE_SUFFIX=''
LDFLAGS=''
LIBADD_DL=''
LIBOBJS=''
LIBS=''
LIBTOOL=''
LINK=''
LINK_CONSOLE=''
LN_S='ln -s'
LSMOD=''
LTLIBOBJS=''
MAKELIB=''
NE2K_OBJS=''
NETLOW_OBJS=''
NONINLINE_VAR=''
NONPLUGIN_GUI_LINK_OPTS=''
OBJEXT='o'
OBJS64=''
OFP=''
PACKAGE_BUGREPORT=''
PACKAGE_NAME=''
PACKAGE_STRING=''
PACKAGE_TARNAME=''
PACKAGE_VERSION=''
PATH_SEPARATOR=':'
PCIDEV_MODULE_MAKE_ALL=''
PCI_OBJ=''
PLUGIN_LIBNAME_TRANSFORMATION=''
PLUGIN_TARGET=''
PLUGIN_VAR=''
PRIMARY_TARGET=''
PTHREAD_CC=''
PTHREAD_CFLAGS=''
PTHREAD_LIBS=''
RANLIB=''
RC_CMD=''
READLINE_LIB=''
REL_STRING='Build from CVS snapshot on January 29, 2006'
RFB_LIBS=''
RMCOMMAND=''
RMMOD=''
SB16_OBJS=''
SET_MAKE=''
SHELL='/bin/bash'
SLASH=''
SOUNDLOW_OBJS=''
STRIP=''
SUFFIX_LINE=''
TAR=''
VERSION='2.2.6'
VER_STRING='2.2.6'
WGET=''
WX_CFLAGS=''
WX_CONFIG=''
WX_CXXFLAGS=''
XPM_LIB=''
X_CFLAGS=''
X_EXTRA_LIBS=''
X_LIBS=''
X_PRE_LIBS=''
ac_ct_AR=''
ac_ct_CC='gcc'
ac_ct_CXX='g++'
ac_ct_F77=''
ac_ct_RANLIB=''
ac_ct_STRIP=''
bindir='${exec_prefix}/bin'
build='i686-pc-linux-gnu'
build_alias=''
build_cpu='i686'
build_os='linux-gnu'
build_vendor='pc'
datadir='${prefix}/share'
exec_prefix='NONE'
host='i686-pc-linux-gnu'
host_alias=''
host_cpu='i686'
host_os='linux-gnu'
host_vendor='pc'
includedir='${prefix}/include'
infodir='${prefix}/info'
libdir='${exec_prefix}/lib'
libexecdir='${exec_prefix}/libexec'
localstatedir='${prefix}/var'
mandir='${prefix}/man'
oldincludedir='/usr/include'
prefix='NONE'
program_transform_name='s,x,x,'
sbindir='${exec_prefix}/sbin'
sharedstatedir='${prefix}/com'
sysconfdir='${prefix}/etc'
target='i686-pc-linux-gnu'
target_alias=''
target_cpu='i686'
target_os='linux-gnu'
target_vendor='pc'

## ----------- ##
## confdefs.h. ##
## ----------- ##

#define HAVE_DLFCN_H 1
#define HAVE_INTTYPES_H 1
#define HAVE_MEMORY_H 1
#define HAVE_STDINT_H 1
#define HAVE_STDLIB_H 1
#define HAVE_STRINGS_H 1
#define HAVE_STRING_H 1
#define HAVE_SYS_STAT_H 1
#define HAVE_SYS_TYPES_H 1
#define HAVE_UNISTD_H 1
#define PACKAGE_BUGREPORT ""
#define PACKAGE_NAME ""
#define PACKAGE_STRING ""
#define PACKAGE_TARNAME ""
#define PACKAGE_VERSION ""
#define STDC_HEADERS 1
#endif
#ifdef __cplusplus
void exit (int);

configure: exit 1
